0 info it worked if it ends with ok
1 verbose cli [ 'C:\\Program Files\\nodejs\\\\node.exe',
1 verbose cli   'C:\\Program Files\\nodejs\\node_modules\\npm\\bin\\npm-cli.js',
1 verbose cli   'publish' ]
2 info using npm@2.11.2
3 info using node@v0.12.5
4 verbose publish [ '.' ]
5 silly cache add args [ '.', null ]
6 verbose cache add spec .
7 silly cache add parsed spec { raw: '.',
7 silly cache add   scope: null,
7 silly cache add   name: null,
7 silly cache add   rawSpec: '.',
7 silly cache add   spec: 'C:\\git\\simple-promise',
7 silly cache add   type: 'directory' }
8 verbose addLocalDirectory C:\Users\fpoblete\AppData\Roaming\npm-cache\simple-promise\0.0.1\package.tgz not in flight; packing
9 verbose tar pack [ 'C:\\Users\\fpoblete\\AppData\\Roaming\\npm-cache\\simple-promise\\0.0.1\\package.tgz',
9 verbose tar pack   'C:\\git\\simple-promise' ]
10 verbose tarball C:\Users\fpoblete\AppData\Roaming\npm-cache\simple-promise\0.0.1\package.tgz
11 verbose folder C:\git\simple-promise
12 info prepublish simple-promise@0.0.1
13 verbose addLocalTarball adding from inside cache C:\Users\fpoblete\AppData\Roaming\npm-cache\simple-promise\0.0.1\package.tgz
14 silly cache afterAdd simple-promise@0.0.1
15 verbose afterAdd C:\Users\fpoblete\AppData\Roaming\npm-cache\simple-promise\0.0.1\package\package.json not in flight; writing
16 verbose afterAdd C:\Users\fpoblete\AppData\Roaming\npm-cache\simple-promise\0.0.1\package\package.json written
17 silly publish { name: 'simple-promise',
17 silly publish   version: '0.0.1',
17 silly publish   description: 'Module promise with a simple syntax',
17 silly publish   main: 'main.js',
17 silly publish   author:
17 silly publish    { name: 'Franciscofernando',
17 silly publish      email: 'hola@franciscofernando.com' },
17 silly publish   keywords: [],
17 silly publish   engines: { node: '*' },
17 silly publish   repository:
17 silly publish    { type: 'git',
17 silly publish      url: 'git+https://github.com/franciscofernando/simple-promise.git' },
17 silly publish   license: 'MIT',
17 silly publish   bin: {},
17 silly publish   readmeFilename: 'README.md',
17 silly publish   dependencies: {},
17 silly publish   readme: '## Usage\r\n\r\n**Basic**\r\n```js\r\nvar promise = require(\'simple-promice\');\r\nvar p = promise(); // => Declare the promise\r\n\r\np.then(function(a){ // => The promise is resolved\r\n\tconsole.log(a); // => Resolve param\r\n\tconsole.log(\'DONE\');\r\n}, function(a){ // => The promise is rejected\r\n\tconsole.log(a); // => Reject param\r\n\tconsole.log(\'ERROR\')\r\n}, function(){ // => The promise id complete (after rolve or reject)\r\n\tconsole.log(\'COMPLETE\');\r\n});\r\n\r\np.resolve(\'a\'); => Execute the function for resolve with the param "a"\r\np.reject(\'a\'); => Execute the function for reject with the param "a"\r\n```\r\n\r\n**Multiple**\r\n```js\r\nvar ps = [promise(), promise()];\r\n// or\r\nvar ps = [promise().then(function(){\r\n    console.log(\'resolve\');\r\n},function(){\r\n    console.log(\'reject\');\r\n}, function(){\r\n    console.log(\'complete\');\r\n}),\r\npromise().then(function(){\r\n    console.log(\'resolve\');\r\n},function(){\r\n    console.log(\'reject\');\r\n}, function(){\r\n    console.log(\'complete\');\r\n})];\r\n// or\r\nvar ps = 2;\r\n\r\nvar p = promise(ps);\r\np.then(function(){\r\n\tconsole.log(\'All the promises is resolve\');\r\n}, function(){\r\n\tconsole.log(\'Minimum one was rejected\');\r\n}, function(){\r\n\tconsole.log(\'All the promises were completed\');\r\n});\r\n\r\n//Only with multiple promises\r\np.eq(2); //Returns the promise to fix the position 2 (the position is 0 to infinite)\r\np.first(); //Return the first promise\r\np.last(); //Return the last promise\r\n```',
17 silly publish   gitHead: '4539be1b391cad2c99f04bd5e1d35859b949f45d',
17 silly publish   bugs: { url: 'https://github.com/franciscofernando/simple-promise/issues' },
17 silly publish   homepage: 'https://github.com/franciscofernando/simple-promise#readme',
17 silly publish   _id: 'simple-promise@0.0.1',
17 silly publish   scripts: {},
17 silly publish   _shasum: 'fb7202234130632b3394967bf44219fa360bbcba',
17 silly publish   _from: '.' }
18 verbose getPublishConfig undefined
19 silly mapToRegistry name simple-promise
20 silly mapToRegistry using default registry
21 silly mapToRegistry registry https://registry.npmjs.org/
22 silly mapToRegistry uri https://registry.npmjs.org/simple-promise
23 verbose publish registryBase https://registry.npmjs.org/
24 silly publish uploading C:\Users\fpoblete\AppData\Roaming\npm-cache\simple-promise\0.0.1\package.tgz
25 verbose request uri https://registry.npmjs.org/simple-promise
26 verbose request sending authorization for write operation
27 info attempt registry request try #1 at 11:06:56
28 verbose request using bearer token for auth
29 verbose request id 4d6422df565f88d6
30 http request PUT https://registry.npmjs.org/simple-promise
31 http 403 https://registry.npmjs.org/simple-promise
32 verbose headers { 'content-type': 'application/json',
32 verbose headers   'cache-control': 'max-age=60',
32 verbose headers   'content-length': '106',
32 verbose headers   'accept-ranges': 'bytes',
32 verbose headers   date: 'Thu, 30 Jul 2015 15:08:33 GMT',
32 verbose headers   via: '1.1 varnish',
32 verbose headers   connection: 'keep-alive',
32 verbose headers   'x-served-by': 'cache-jfk1025-JFK',
32 verbose headers   'x-cache': 'MISS',
32 verbose headers   'x-cache-hits': '0',
32 verbose headers   'x-timer': 'S1438268913.489057,VS0,VE366' }
33 verbose request invalidating C:\Users\fpoblete\AppData\Roaming\npm-cache\registry.npmjs.org\simple-promise on PUT
34 error publish Failed PUT 403
35 verbose stack Error: You do not have permission to publish 'simple-promise'. Are you logged in as the correct user? : simple-promise
35 verbose stack     at CachingRegistryClient.<anonymous> (C:\Program Files\nodejs\node_modules\npm\node_modules\npm-registry-client\lib\request.js:247:14)
35 verbose stack     at Request._callback (C:\Program Files\nodejs\node_modules\npm\node_modules\npm-registry-client\lib\request.js:170:14)
35 verbose stack     at Request.self.callback (C:\Program Files\nodejs\node_modules\npm\node_modules\request\request.js:354:22)
35 verbose stack     at Request.emit (events.js:110:17)
35 verbose stack     at Request.<anonymous> (C:\Program Files\nodejs\node_modules\npm\node_modules\request\request.js:1207:14)
35 verbose stack     at Request.emit (events.js:129:20)
35 verbose stack     at IncomingMessage.<anonymous> (C:\Program Files\nodejs\node_modules\npm\node_modules\request\request.js:1153:12)
35 verbose stack     at IncomingMessage.emit (events.js:129:20)
35 verbose stack     at _stream_readable.js:908:16
35 verbose stack     at process._tickCallback (node.js:355:11)
36 verbose statusCode 403
37 verbose pkgid simple-promise
38 verbose cwd C:\git\simple-promise
39 error Windows_NT 6.3.9600
40 error argv "C:\\Program Files\\nodejs\\\\node.exe" "C:\\Program Files\\nodejs\\node_modules\\npm\\bin\\npm-cli.js" "publish"
41 error node v0.12.5
42 error npm  v2.11.2
43 error code E403
44 error You do not have permission to publish 'simple-promise'. Are you logged in as the correct user? : simple-promise
45 error If you need help, you may report this error at:
45 error     <https://github.com/npm/npm/issues>
46 verbose exit [ 1, true ]
